<?xml version="1.0" encoding="UTF-8"?>
<!-- Generated by org.testng.reporters.JUnitReportReporter -->
<testsuite hostname="DESKTOP-LBDHI4G" failures="0" tests="5" name="Testngbasics.PriorityDemo" time="0.016" errors="0" timestamp="2024-02-21T17:41:50 IST" skipped="2">
  <testcase classname="Testngbasics.PriorityDemo" name="Apple" time="0.004"/>
  <system-out/>
  <testcase classname="Testngbasics.PriorityDemo" name="tuv" time="0.006"/>
  <system-out/>
  <testcase classname="Testngbasics.PriorityDemo" name="pqr" time="0.006"/>
  <system-out/>
  <testcase classname="Testngbasics.PriorityDemo" name="xyz">
    <skipped/>
  </testcase> <!-- xyz -->
  <system-out/>
  <testcase classname="Testngbasics.PriorityDemo" name="abc">
    <skipped/>
  </testcase> <!-- abc -->
  <system-out/>
</testsuite> <!-- Testngbasics.PriorityDemo -->
