<?xml version="1.0" encoding="UTF-8"?>
<!-- Generated by org.testng.reporters.JUnitReportReporter -->
<testsuite hostname="DESKTOP-LBDHI4G" failures="0" tests="2" name="Testngbasics.AnnotationsDemo" time="0.016" errors="0" timestamp="2024-02-21T17:41:50 IST" skipped="0">
  <testcase classname="Testngbasics.AnnotationsDemo" name="TC2" time="0.005"/>
  <system-out/>
  <testcase classname="Testngbasics.AnnotationsDemo" name="TC1" time="0.011"/>
  <system-out/>
</testsuite> <!-- Testngbasics.AnnotationsDemo -->
