<?xml version="1.0" encoding="UTF-8"?>
<!-- Generated by org.testng.reporters.JUnitReportReporter -->
<testsuite hostname="DESKTOP-LBDHI4G" failures="0" tests="3" name="Testngbasics.LoginTC" time="0.029" errors="0" timestamp="2024-02-21T17:59:42 IST" skipped="0">
  <testcase classname="Testngbasics.LoginTC" name="loginTC3" time="0.003"/>
  <system-out/>
  <testcase classname="Testngbasics.LoginTC" name="loginTC2" time="0.017"/>
  <system-out/>
  <testcase classname="Testngbasics.LoginTC" name="loginsmokeTC1" time="0.009"/>
  <system-out/>
</testsuite> <!-- Testngbasics.LoginTC -->
