<?xml version="1.0" encoding="UTF-8"?>
<!-- Generated by org.testng.reporters.JUnitReportReporter -->
<testsuite hostname="DESKTOP-LBDHI4G" failures="0" tests="1" name="Testngbasics.XMLParameter" time="22.267" errors="0" timestamp="2024-02-21T19:00:33 IST" skipped="0">
  <testcase classname="Testngbasics.XMLParameter" name="validateLogin" time="22.267"/>
  <system-out/>
</testsuite> <!-- Testngbasics.XMLParameter -->
