<?xml version="1.0" encoding="UTF-8"?>
<!-- Generated by org.testng.reporters.JUnitReportReporter -->
<testsuite hostname="DESKTOP-LBDHI4G" failures="0" tests="2" name="Testngbasics.TestNGDemo" time="0.022" errors="0" timestamp="2024-02-21T17:41:50 IST" skipped="0">
  <testcase classname="Testngbasics.TestNGDemo" name="sendFriendRequest" time="0.016"/>
  <system-out/>
  <testcase classname="Testngbasics.TestNGDemo" name="login" time="0.006"/>
  <system-out/>
</testsuite> <!-- Testngbasics.TestNGDemo -->
