<?xml version="1.0" encoding="UTF-8"?>
<!-- Generated by org.testng.reporters.JUnitReportReporter -->
<testsuite hostname="DESKTOP-LBDHI4G" failures="0" tests="4" name="Testngbasics.InvocationCountDemo" time="0.026" errors="0" timestamp="2024-02-21T17:41:50 IST" skipped="0">
  <testcase classname="Testngbasics.InvocationCountDemo" name="tc1" time="0.004"/>
  <system-out/>
  <testcase classname="Testngbasics.InvocationCountDemo" name="tc1" time="0.003"/>
  <system-out/>
  <testcase classname="Testngbasics.InvocationCountDemo" name="tc2" time="0.004"/>
  <system-out/>
  <testcase classname="Testngbasics.InvocationCountDemo" name="tc1" time="0.015"/>
  <system-out/>
</testsuite> <!-- Testngbasics.InvocationCountDemo -->
