<?xml version="1.0" encoding="UTF-8"?>
<!-- Generated by org.testng.reporters.JUnitReportReporter -->
<testsuite hostname="DESKTOP-LBDHI4G" failures="0" tests="3" name="Testngbasics.DataProvider" time="15.257" errors="0" timestamp="2024-02-23T19:17:56 IST" skipped="0">
  <testcase classname="Testngbasics.DataProvider" name="login" time="6.757"/>
  <system-out/>
  <testcase classname="Testngbasics.DataProvider" name="login" time="4.515"/>
  <system-out/>
  <testcase classname="Testngbasics.DataProvider" name="login" time="3.985"/>
  <system-out/>
</testsuite> <!-- Testngbasics.DataProvider -->
